<?xml version="1.0" encoding="UTF-8"?>
<testsuite name="org.example.CalculatorTestPositive" tests="1" skipped="0" failures="0" errors="0" timestamp="2024-03-14T19:46:14" hostname="WINDOWS-FCSV4DA" time="0.035">
  <properties/>
  <testcase name="testDivision_AssertThat()" classname="org.example.CalculatorTestPositive" time="0.035"/>
  <system-out><![CDATA[]]></system-out>
  <system-err><![CDATA[]]></system-err>
</testsuite>
